core/build/intermediates/manifest_merge_blame_file/debug/manifest-merger-blame-debug-report.txt
1<?xml version="1.0" encoding="utf-8"?>
2<manifest xmlns:android="http://schemas.android.com/apk/res/android"
3    package="com.examples.core"
4    android:versionCode="1"
5    android:versionName="1.0" >
6
7    <uses-sdk
8        android:minSdkVersion="23"
8-->src\main\AndroidManifest.xml
9        android:targetSdkVersion="29" />
9-->src\main\AndroidManifest.xml
10
11    <uses-permission android:name="android.permission.ACCESS_NETWORK_STATE" />
11-->src\main\AndroidManifest.xml:5:5-79
11-->src\main\AndroidManifest.xml:5:22-76
12
13    <application>
13-->src\main\AndroidManifest.xml:6:5-10:19
14        <activity android:name="com.examples.core.base.activity.PermissionsActivity" >
14-->src\main\AndroidManifest.xml:7:9-9:20
14-->src\main\AndroidManifest.xml:7:19-85
15        </activity>
16    </application>
17
18</manifest>